<?xml version="1.0" encoding="UTF-8"?>
<testng-results ignored="2" total="6" passed="4" failed="0" skipped="0">
  <reporter-output>
  </reporter-output>
  <suite started-at="2024-12-05T11:00:04 IST" name="Suite" finished-at="2024-12-05T11:00:06 IST" duration-ms="1941">
    <groups>
    </groups>
    <test started-at="2024-12-05T11:00:04 IST" name="Test" finished-at="2024-12-05T11:00:06 IST" duration-ms="1941">
      <class name="com.ninza.hrm.api.employeeTest.EmployeeTest">
        <test-method is-config="true" signature="configBS()[pri:0, instance:com.ninza.hrm.api.employeeTest.EmployeeTest@3f191845]" started-at="2024-12-05T11:00:04 IST" name="configBS" finished-at="2024-12-05T11:00:04 IST" duration-ms="635" status="PASS">
          <reporter-output>
          </reporter-output>
        </test-method> <!-- configBS -->
        <test-method signature="addEmployeeTest()[pri:0, instance:com.ninza.hrm.api.employeeTest.EmployeeTest@3f191845]" started-at="2024-12-05T11:00:05 IST" name="addEmployeeTest" finished-at="2024-12-05T11:00:06 IST" duration-ms="1286" status="PASS">
          <reporter-output>
          </reporter-output>
        </test-method> <!-- addEmployeeTest -->
        <test-method signature="addEmployeeTestWithOutEmail()[pri:0, instance:com.ninza.hrm.api.employeeTest.EmployeeTest@3f191845]" started-at="2024-12-05T11:00:06 IST" name="addEmployeeTestWithOutEmail" finished-at="2024-12-05T11:00:06 IST" duration-ms="84" status="PASS">
          <reporter-output>
          </reporter-output>
        </test-method> <!-- addEmployeeTestWithOutEmail -->
        <test-method is-config="true" signature="configAS()[pri:0, instance:com.ninza.hrm.api.employeeTest.EmployeeTest@3f191845]" started-at="2024-12-05T11:00:06 IST" name="configAS" finished-at="2024-12-05T11:00:06 IST" duration-ms="0" status="PASS">
          <reporter-output>
          </reporter-output>
        </test-method> <!-- configAS -->
      </class> <!-- com.ninza.hrm.api.employeeTest.EmployeeTest -->
      <class name="com.ninza.hrm.api.projectTest.ProjectTest">
        <test-method signature="addSingleProjectWithCreatedTest()[pri:0, instance:com.ninza.hrm.api.projectTest.ProjectTest@7a35b0f5]" started-at="2024-12-05T11:00:06 IST" name="addSingleProjectWithCreatedTest" finished-at="2024-12-05T11:00:06 IST" duration-ms="490" status="PASS">
          <reporter-output>
          </reporter-output>
        </test-method> <!-- addSingleProjectWithCreatedTest -->
        <test-method signature="createDuplicateProjectTest()[pri:0, instance:com.ninza.hrm.api.projectTest.ProjectTest@7a35b0f5]" started-at="2024-12-05T11:00:06 IST" name="createDuplicateProjectTest" finished-at="2024-12-05T11:00:06 IST" depends-on-methods="com.ninza.hrm.api.projectTest.ProjectTest.addSingleProjectWithCreatedTest" duration-ms="48" status="PASS">
          <reporter-output>
          </reporter-output>
        </test-method> <!-- createDuplicateProjectTest -->
      </class> <!-- com.ninza.hrm.api.projectTest.ProjectTest -->
    </test> <!-- Test -->
  </suite> <!-- Suite -->
</testng-results>
