<?xml version="1.0" encoding="UTF-8"?>
<!-- Generated by org.testng.reporters.JUnitXMLReporter -->
<testsuite ignored="2" hostname="DESKTOP-6R0KULP" failures="0" tests="4" name="Test" time="1.941" errors="0" timestamp="2024-12-05T11:00:06 IST">
  <testcase classname="com.ninza.hrm.api.employeeTest.EmployeeTest" name="addEmployeeTest" time="1.286"/>
  <testcase classname="com.ninza.hrm.api.employeeTest.EmployeeTest" name="addEmployeeTestWithOutEmail" time="0.084"/>
  <testcase classname="com.ninza.hrm.api.projectTest.ProjectTest" name="addSingleProjectWithCreatedTest" time="0.49"/>
  <testcase classname="com.ninza.hrm.api.projectTest.ProjectTest" name="createDuplicateProjectTest" time="0.048"/>
  <testcase classname="com.ninza.hrm.api.baseclass.BaseAPIClass" name="@BeforeSuite configBS" time="0.0">
    <ignored/>
  </testcase> <!-- @BeforeSuite configBS -->
  <testcase classname="com.ninza.hrm.api.baseclass.BaseAPIClass" name="@AfterSuite configAS" time="0.0">
    <ignored/>
  </testcase> <!-- @AfterSuite configAS -->
</testsuite> <!-- Test -->
