<?xml version="1.0" encoding="UTF-8"?>
<!-- Generated by org.testng.reporters.JUnitReportReporter -->
<testsuite hostname="DESKTOP-6R0KULP" failures="0" tests="2" name="com.ninza.hrm.api.employeeTest.EmployeeTest" time="1.370" errors="0" timestamp="2024-12-05T11:00:06 IST" skipped="0">
  <testcase classname="com.ninza.hrm.api.employeeTest.EmployeeTest" name="addEmployeeTestWithOutEmail" time="0.084"/>
  <system-out/>
  <testcase classname="com.ninza.hrm.api.employeeTest.EmployeeTest" name="addEmployeeTest" time="1.286"/>
  <system-out/>
</testsuite> <!-- com.ninza.hrm.api.employeeTest.EmployeeTest -->
