<?xml version="1.0" encoding="UTF-8"?>
<!-- Generated by org.testng.reporters.JUnitReportReporter -->
<testsuite hostname="DESKTOP-6R0KULP" failures="0" tests="2" name="com.ninza.hrm.api.projectTest.ProjectTest" time="0.538" errors="0" timestamp="2024-12-05T11:00:07 IST" skipped="0">
  <testcase classname="com.ninza.hrm.api.projectTest.ProjectTest" name="addSingleProjectWithCreatedTest" time="0.490"/>
  <system-out/>
  <testcase classname="com.ninza.hrm.api.projectTest.ProjectTest" name="createDuplicateProjectTest" time="0.048"/>
  <system-out/>
</testsuite> <!-- com.ninza.hrm.api.projectTest.ProjectTest -->
